<?xml version="1.0" encoding="UTF-8"?>
<!-- Generated by org.testng.reporters.JUnitReportReporter -->
<testsuite hostname="LTAU00402" failures="0" tests="3" name="cucumberOptions.TestRunnerInsuranceQuote" time="327.899" errors="0" timestamp="20 Jun 2019 02:23:30 GMT" skipped="0">
  <testcase classname="cucumberOptions.TestRunnerInsuranceQuote" name="runScenario" time="99.019"/>
  <testcase classname="cucumberOptions.TestRunnerInsuranceQuote" name="runScenario" time="115.712"/>
  <testcase classname="cucumberOptions.TestRunnerInsuranceQuote" name="runScenario" time="113.168"/>
</testsuite> <!-- cucumberOptions.TestRunnerInsuranceQuote -->
